# JRE version: OpenJDK Runtime Environment (8.0_152) (build 1.8.0_152-release-1343-b16-5323222)
# Java VM: OpenJDK 64-Bit Server VM (25.152-b16-5323222 mixed mode linux-amd64 compressed oops)
Heap:
 PSYoungGen      total 239104K, used 32236K [0x00000000e0000000, 0x00000000f0d00000, 0x0000000100000000)
  eden space 206848K, 0% used [0x00000000e0000000,0x00000000e0000000,0x00000000eca00000)
  from space 32256K, 99% used [0x00000000eca00000,0x00000000ee97b330,0x00000000ee980000)
  to   space 26112K, 0% used [0x00000000ee980000,0x00000000ee980000,0x00000000f0300000)
 ParOldGen       total 184832K, used 54136K [0x00000000a0000000, 0x00000000ab480000, 0x00000000e0000000)
  object space 184832K, 29% used [0x00000000a0000000,0x00000000a34de278,0x00000000ab480000)
 Metaspace       used 69160K, capacity 71417K, committed 71512K, reserved 1112064K
  class space    used 9244K, capacity 9816K, committed 9816K, reserved 1048576K
GC Heap History (10 events):
Event: 30.005 GC heap after
Heap after GC invocations=9 (full 2):
 PSYoungGen      total 167936K, used 17386K [0x00000000e0000000, 0x00000000ee380000, 0x0000000100000000)
  eden space 150528K, 0% used [0x00000000e0000000,0x00000000e0000000,0x00000000e9300000)
  from space 17408K, 99% used [0x00000000e9300000,0x00000000ea3fa960,0x00000000ea400000)
  to   space 21504K, 0% used [0x00000000ece80000,0x00000000ece80000,0x00000000ee380000)
 ParOldGen       total 126464K, used 23581K [0x00000000a0000000, 0x00000000a7b80000, 0x00000000e0000000)
  object space 126464K, 18% used [0x00000000a0000000,0x00000000a17074e8,0x00000000a7b80000)
 Metaspace       used 48755K, capacity 49848K, committed 50048K, reserved 1091584K
  class space    used 6570K, capacity 6942K, committed 7040K, reserved 1048576K
}
Event: 33.890 GC heap before
{Heap before GC invocations=10 (full 2):
 PSYoungGen      total 167936K, used 140950K [0x00000000e0000000, 0x00000000ee380000, 0x0000000100000000)
  eden space 150528K, 82% used [0x00000000e0000000,0x00000000e78ab100,0x00000000e9300000)
  from space 17408K, 99% used [0x00000000e9300000,0x00000000ea3fa960,0x00000000ea400000)
  to   space 21504K, 0% used [0x00000000ece80000,0x00000000ece80000,0x00000000ee380000)
 ParOldGen       total 126464K, used 23581K [0x00000000a0000000, 0x00000000a7b80000, 0x00000000e0000000)
  object space 126464K, 18% used [0x00000000a0000000,0x00000000a17074e8,0x00000000a7b80000)
 Metaspace       used 57710K, capacity 59055K, committed 59096K, reserved 1099776K
  class space    used 7694K, capacity 8123K, committed 8152K, reserved 1048576K
Event: 34.028 GC heap after
Heap after GC invocations=10 (full 2):
 PSYoungGen      total 207872K, used 20923K [0x00000000e0000000, 0x00000000eea80000, 0x0000000100000000)
  eden space 186368K, 0% used [0x00000000e0000000,0x00000000e0000000,0x00000000eb600000)
  from space 21504K, 97% used [0x00000000ece80000,0x00000000ee2eed88,0x00000000ee380000)
  to   space 25088K, 0% used [0x00000000eb600000,0x00000000eb600000,0x00000000ece80000)
 ParOldGen       total 126464K, used 23653K [0x00000000a0000000, 0x00000000a7b80000, 0x00000000e0000000)
  object space 126464K, 18% used [0x00000000a0000000,0x00000000a17194f8,0x00000000a7b80000)
 Metaspace       used 57710K, capacity 59055K, committed 59096K, reserved 1099776K
  class space    used 7694K, capacity 8123K, committed 8152K, reserved 1048576K
}
Event: 34.028 GC heap before
{Heap before GC invocations=11 (full 3):
 PSYoungGen      total 207872K, used 20923K [0x00000000e0000000, 0x00000000eea80000, 0x0000000100000000)
  eden space 186368K, 0% used [0x00000000e0000000,0x00000000e0000000,0x00000000eb600000)
  from space 21504K, 97% used [0x00000000ece80000,0x00000000ee2eed88,0x00000000ee380000)
  to   space 25088K, 0% used [0x00000000eb600000,0x00000000eb600000,0x00000000ece80000)
 ParOldGen       total 126464K, used 23653K [0x00000000a0000000, 0x00000000a7b80000, 0x00000000e0000000)
  object space 126464K, 18% used [0x00000000a0000000,0x00000000a17194f8,0x00000000a7b80000)
 Metaspace       used 57710K, capacity 59055K, committed 59096K, reserved 1099776K
  class space    used 7694K, capacity 8123K, committed 8152K, reserved 1048576K
Event: 34.793 GC heap after
Heap after GC invocations=11 (full 3):
 PSYoungGen      total 207872K, used 0K [0x00000000e0000000, 0x00000000eea80000, 0x0000000100000000)
  eden space 186368K, 0% used [0x00000000e0000000,0x00000000e0000000,0x00000000eb600000)
  from space 21504K, 0% used [0x00000000ece80000,0x00000000ece80000,0x00000000ee380000)
  to   space 25088K, 0% used [0x00000000eb600000,0x00000000eb600000,0x00000000ece80000)
 ParOldGen       total 184832K, used 38109K [0x00000000a0000000, 0x00000000ab480000, 0x00000000e0000000)
  object space 184832K, 20% used [0x00000000a0000000,0x00000000a25376a0,0x00000000ab480000)
 Metaspace       used 57710K, capacity 59055K, committed 59096K, reserved 1099776K
  class space    used 7694K, capacity 8123K, committed 8152K, reserved 1048576K
}
Event: 39.701 GC heap before
{Heap before GC invocations=12 (full 3):
 PSYoungGen      total 207872K, used 186368K [0x00000000e0000000, 0x00000000eea80000, 0x0000000100000000)
  eden space 186368K, 100% used [0x00000000e0000000,0x00000000eb600000,0x00000000eb600000)
  from space 21504K, 0% used [0x00000000ece80000,0x00000000ece80000,0x00000000ee380000)
  to   space 25088K, 0% used [0x00000000eb600000,0x00000000eb600000,0x00000000ece80000)
 ParOldGen       total 184832K, used 38109K [0x00000000a0000000, 0x00000000ab480000, 0x00000000e0000000)
  object space 184832K, 20% used [0x00000000a0000000,0x00000000a25376a0,0x00000000ab480000)
 Metaspace       used 64233K, capacity 66049K, committed 66264K, reserved 1105920K
  class space    used 8699K, capacity 9176K, committed 9176K, reserved 1048576K
Event: 39.767 GC heap after
Heap after GC invocations=12 (full 3):
 PSYoungGen      total 211456K, used 18250K [0x00000000e0000000, 0x00000000f0300000, 0x0000000100000000)
  eden space 186368K, 0% used [0x00000000e0000000,0x00000000e0000000,0x00000000eb600000)
  from space 25088K, 72% used [0x00000000eb600000,0x00000000ec7d2b48,0x00000000ece80000)
  to   space 26112K, 0% used [0x00000000ee980000,0x00000000ee980000,0x00000000f0300000)
 ParOldGen       total 184832K, used 38117K [0x00000000a0000000, 0x00000000ab480000, 0x00000000e0000000)
  object space 184832K, 20% used [0x00000000a0000000,0x00000000a25396a0,0x00000000ab480000)
 Metaspace       used 64233K, capacity 66049K, committed 66264K, reserved 1105920K
  class space    used 8699K, capacity 9176K, committed 9176K, reserved 1048576K
}
Event: 52.121 GC heap before
{Heap before GC invocations=13 (full 3):
 PSYoungGen      total 211456K, used 204618K [0x00000000e0000000, 0x00000000f0300000, 0x0000000100000000)
  eden space 186368K, 100% used [0x00000000e0000000,0x00000000eb600000,0x00000000eb600000)
  from space 25088K, 72% used [0x00000000eb600000,0x00000000ec7d2b48,0x00000000ece80000)
  to   space 26112K, 0% used [0x00000000ee980000,0x00000000ee980000,0x00000000f0300000)
 ParOldGen       total 184832K, used 38117K [0x00000000a0000000, 0x00000000ab480000, 0x00000000e0000000)
  object space 184832K, 20% used [0x00000000a0000000,0x00000000a25396a0,0x00000000ab480000)
 Metaspace       used 69022K, capacity 71289K, committed 71512K, reserved 1112064K
  class space    used 9241K, capacity 9816K, committed 9816K, reserved 1048576K
Event: 52.363 GC heap after
Heap after GC invocations=13 (full 3):
 PSYoungGen      total 232960K, used 26094K [0x00000000e0000000, 0x00000000f0d00000, 0x0000000100000000)
  eden space 206848K, 0% used [0x00000000e0000000,0x00000000e0000000,0x00000000eca00000)
  from space 26112K, 99% used [0x00000000ee980000,0x00000000f02fbbe8,0x00000000f0300000)
  to   space 32256K, 0% used [0x00000000eca00000,0x00000000eca00000,0x00000000ee980000)
 ParOldGen       total 184832K, used 44918K [0x00000000a0000000, 0x00000000ab480000, 0x00000000e0000000)
  object space 184832K, 24% used [0x00000000a0000000,0x00000000a2bddac0,0x00000000ab480000)
 Metaspace       used 69022K, capacity 71289K, committed 71512K, reserved 1112064K
  class space    used 9241K, capacity 9816K, committed 9816K, reserved 1048576K
}
Event: 55.424 GC heap before
{Heap before GC invocations=14 (full 3):
 PSYoungGen      total 232960K, used 232942K [0x00000000e0000000, 0x00000000f0d00000, 0x0000000100000000)
  eden space 206848K, 100% used [0x00000000e0000000,0x00000000eca00000,0x00000000eca00000)
  from space 26112K, 99% used [0x00000000ee980000,0x00000000f02fbbe8,0x00000000f0300000)
  to   space 32256K, 0% used [0x00000000eca00000,0x00000000eca00000,0x00000000ee980000)
 ParOldGen       total 184832K, used 44918K [0x00000000a0000000, 0x00000000ab480000, 0x00000000e0000000)
  object space 184832K, 24% used [0x00000000a0000000,0x00000000a2bddac0,0x00000000ab480000)
 Metaspace       used 69160K, capacity 71417K, committed 71512K, reserved 1112064K
  class space    used 9244K, capacity 9816K, committed 9816K, reserved 1048576K

